Flow report for Project3
Wed Dec 28 12:40:40 2016
Quartus II 32-bit Version 12.0 Build 178 05/31/2012 SJ Full Version


---------------------
; Table of Contents ;
---------------------
  1. Legal Notice
  2. Flow Summary
  3. Flow Settings
  4. Flow Non-Default Global Settings
  5. Flow Elapsed Time
  6. Flow OS Summary
  7. Flow Log



----------------
; Legal Notice ;
----------------
Copyright (C) 1991-2012 Altera Corporation
Your use of Altera Corporation's design tools, logic functions 
and other software and tools, and its AMPP partner logic 
functions, and any output files from any of the foregoing 
(including device programming or simulation files), and any 
associated documentation or information are expressly subject 
to the terms and conditions of the Altera Program License 
Subscription Agreement, Altera MegaCore Function License 
Agreement, or other applicable license agreement, including, 
without limitation, that your use is for the sole purpose of 
programming logic devices manufactured by Altera and sold by 
Altera or its authorized distributors.  Please refer to the 
applicable agreement for further details.



+--------------------------------------------------------------------------------+
; Flow Summary                                                                   ;
+------------------------------------+-------------------------------------------+
; Flow Status                        ; Successful - Wed Dec 28 12:40:40 2016     ;
; Quartus II 32-bit Version          ; 12.0 Build 178 05/31/2012 SJ Full Version ;
; Revision Name                      ; Project3                                  ;
; Top-level Entity Name              ; my_video_test                             ;
; Family                             ; Cyclone IV E                              ;
; Device                             ; EP4CE115F29C7                             ;
; Timing Models                      ; Final                                     ;
; Total logic elements               ; 2,177 / 114,480 ( 2 % )                   ;
;     Total combinational functions  ; 2,130 / 114,480 ( 2 % )                   ;
;     Dedicated logic registers      ; 389 / 114,480 ( < 1 % )                   ;
; Total registers                    ; 389                                       ;
; Total pins                         ; 114 / 529 ( 22 % )                        ;
; Total virtual pins                 ; 0                                         ;
; Total memory bits                  ; 211,488 / 3,981,312 ( 5 % )               ;
; Embedded Multiplier 9-bit elements ; 16 / 532 ( 3 % )                          ;
; Total PLLs                         ; 1 / 4 ( 25 % )                            ;
+------------------------------------+-------------------------------------------+


+-----------------------------------------+
; Flow Settings                           ;
+-------------------+---------------------+
; Option            ; Setting             ;
+-------------------+---------------------+
; Start date & time ; 12/28/2016 12:39:48 ;
; Main task         ; Compilation         ;
; Revision Name     ; Project3            ;
+-------------------+---------------------+


+------------------------------------------------------------------------------------------------------------------------------+
; Flow Non-Default Global Settings                                                                                             ;
+-------------------------------------+---------------------------------------+---------------+---------------+----------------+
; Assignment Name                     ; Value                                 ; Default Value ; Entity Name   ; Section Id     ;
+-------------------------------------+---------------------------------------+---------------+---------------+----------------+
; COMPILER_SIGNATURE_ID               ; 26830024576692.148294678705161        ; --            ; --            ; --             ;
; EDA_OUTPUT_DATA_FORMAT              ; Vhdl                                  ; --            ; --            ; eda_simulation ;
; EDA_SIMULATION_TOOL                 ; ModelSim-Altera (VHDL)                ; <None>        ; --            ; --             ;
; MAX_CORE_JUNCTION_TEMP              ; 85                                    ; --            ; --            ; --             ;
; MIN_CORE_JUNCTION_TEMP              ; 0                                     ; --            ; --            ; --             ;
; PARTITION_COLOR                     ; 16764057                              ; --            ; my_video_test ; Top            ;
; PARTITION_FITTER_PRESERVATION_LEVEL ; PLACEMENT_AND_ROUTING                 ; --            ; my_video_test ; Top            ;
; PARTITION_NETLIST_TYPE              ; SOURCE                                ; --            ; my_video_test ; Top            ;
; POWER_BOARD_THERMAL_MODEL           ; None (CONSERVATIVE)                   ; --            ; --            ; --             ;
; POWER_PRESET_COOLING_SOLUTION       ; 23 MM HEAT SINK WITH 200 LFPM AIRFLOW ; --            ; --            ; --             ;
; TOP_LEVEL_ENTITY                    ; my_video_test                         ; Project3      ; --            ; --             ;
+-------------------------------------+---------------------------------------+---------------+---------------+----------------+


+-------------------------------------------------------------------------------------------------------------------------------+
; Flow Elapsed Time                                                                                                             ;
+---------------------------+--------------+-------------------------+---------------------+------------------------------------+
; Module Name               ; Elapsed Time ; Average Processors Used ; Peak Virtual Memory ; Total CPU Time (on all processors) ;
+---------------------------+--------------+-------------------------+---------------------+------------------------------------+
; Analysis & Synthesis      ; 00:00:11     ; 1.0                     ; --                  ; 00:00:10                           ;
; Fitter                    ; 00:00:26     ; 3.6                     ; --                  ; 00:00:41                           ;
; Assembler                 ; 00:00:06     ; 1.0                     ; --                  ; 00:00:05                           ;
; TimeQuest Timing Analyzer ; 00:00:07     ; 3.4                     ; --                  ; 00:00:07                           ;
; EDA Netlist Writer        ; 00:00:03     ; 1.0                     ; --                  ; 00:00:03                           ;
; Total                     ; 00:00:53     ; --                      ; --                  ; 00:01:06                           ;
+---------------------------+--------------+-------------------------+---------------------+------------------------------------+


+---------------------------------------------------------------------------------------------+
; Flow OS Summary                                                                             ;
+---------------------------+------------------+----------------+------------+----------------+
; Module Name               ; Machine Hostname ; OS Name        ; OS Version ; Processor type ;
+---------------------------+------------------+----------------+------------+----------------+
; Analysis & Synthesis      ; cocsce-l3d22-17  ; Ubuntu 14.04.5 ; 14         ; x86_64         ;
; Fitter                    ; cocsce-l3d22-17  ; Ubuntu 14.04.5 ; 14         ; x86_64         ;
; Assembler                 ; cocsce-l3d22-17  ; Ubuntu 14.04.5 ; 14         ; x86_64         ;
; TimeQuest Timing Analyzer ; cocsce-l3d22-17  ; Ubuntu 14.04.5 ; 14         ; x86_64         ;
; EDA Netlist Writer        ; cocsce-l3d22-17  ; Ubuntu 14.04.5 ; 14         ; x86_64         ;
+---------------------------+------------------+----------------+------------+----------------+


------------
; Flow Log ;
------------
quartus_map --read_settings_files=on --write_settings_files=off Project3 -c Project3
quartus_fit --read_settings_files=off --write_settings_files=off Project3 -c Project3
quartus_asm --read_settings_files=off --write_settings_files=off Project3 -c Project3
quartus_sta Project3 -c Project3
quartus_eda --read_settings_files=off --write_settings_files=off Project3 -c Project3



